<?xml version="1.0" encoding="UTF-8"?>
<testsuite xmlns:xsi="http://www.w3.org/2001/XMLSchema-instance" xsi:noNamespaceSchemaLocation="https://maven.apache.org/surefire/maven-surefire-plugin/xsd/surefire-test-report.xsd" name="com.theobfuscatorinator.GraphTest" time="0.001" tests="9" errors="0" skipped="0" failures="0">
  <properties>
    <property name="java.specification.version" value="17"/>
    <property name="sun.cpu.isalist" value="amd64"/>
    <property name="sun.jnu.encoding" value="Cp1252"/>
    <property name="java.class.path" value="C:\Users\Thomas\Desktop\Work Space\obfuscatorinator\The-Obfuscatorinator\the-obfuscatorinator\target\test-classes;C:\Users\Thomas\Desktop\Work Space\obfuscatorinator\The-Obfuscatorinator\the-obfuscatorinator\target\classes;C:\Users\Thomas\.m2\repository\junit\junit\4.11\junit-4.11.jar;C:\Users\Thomas\.m2\repository\org\hamcrest\hamcrest-core\1.3\hamcrest-core-1.3.jar;"/>
    <property name="java.vm.vendor" value="Oracle Corporation"/>
    <property name="sun.arch.data.model" value="64"/>
    <property name="user.variant" value=""/>
    <property name="java.vendor.url" value="https://java.oracle.com/"/>
    <property name="user.timezone" value="America/New_York"/>
    <property name="os.name" value="Windows 10"/>
    <property name="java.vm.specification.version" value="17"/>
    <property name="sun.java.launcher" value="SUN_STANDARD"/>
    <property name="user.country" value="US"/>
    <property name="sun.boot.library.path" value="C:\Program Files\Java\jdk-17.0.1\bin"/>
    <property name="sun.java.command" value="C:\Users\Thomas\AppData\Local\Temp\surefire4090349160688469727\surefirebooter13202257177236093593.jar C:\Users\Thomas\AppData\Local\Temp\surefire4090349160688469727 2022-03-09T23-25-21_284-jvmRun1 surefire15841203673117915821tmp surefire_05055556246950629540tmp"/>
    <property name="jdk.debug" value="release"/>
    <property name="surefire.test.class.path" value="C:\Users\Thomas\Desktop\Work Space\obfuscatorinator\The-Obfuscatorinator\the-obfuscatorinator\target\test-classes;C:\Users\Thomas\Desktop\Work Space\obfuscatorinator\The-Obfuscatorinator\the-obfuscatorinator\target\classes;C:\Users\Thomas\.m2\repository\junit\junit\4.11\junit-4.11.jar;C:\Users\Thomas\.m2\repository\org\hamcrest\hamcrest-core\1.3\hamcrest-core-1.3.jar;"/>
    <property name="sun.cpu.endian" value="little"/>
    <property name="user.home" value="C:\Users\Thomas"/>
    <property name="user.language" value="en"/>
    <property name="java.specification.vendor" value="Oracle Corporation"/>
    <property name="java.version.date" value="2021-10-19"/>
    <property name="java.home" value="C:\Program Files\Java\jdk-17.0.1"/>
    <property name="file.separator" value="\"/>
    <property name="basedir" value="C:\Users\Thomas\Desktop\Work Space\obfuscatorinator\The-Obfuscatorinator\the-obfuscatorinator"/>
    <property name="java.vm.compressedOopsMode" value="Zero based"/>
    <property name="line.separator" value="&#10;"/>
    <property name="java.vm.specification.vendor" value="Oracle Corporation"/>
    <property name="java.specification.name" value="Java Platform API Specification"/>
    <property name="surefire.real.class.path" value="C:\Users\Thomas\AppData\Local\Temp\surefire4090349160688469727\surefirebooter13202257177236093593.jar"/>
    <property name="user.script" value=""/>
    <property name="sun.management.compiler" value="HotSpot 64-Bit Tiered Compilers"/>
    <property name="java.runtime.version" value="17.0.1+12-LTS-39"/>
    <property name="user.name" value="Thomas"/>
    <property name="path.separator" value=";"/>
    <property name="os.version" value="10.0"/>
    <property name="java.runtime.name" value="Java(TM) SE Runtime Environment"/>
    <property name="file.encoding" value="Cp1252"/>
    <property name="java.vm.name" value="Java HotSpot(TM) 64-Bit Server VM"/>
    <property name="localRepository" value="C:\Users\Thomas\.m2\repository"/>
    <property name="java.vendor.url.bug" value="https://bugreport.java.com/bugreport/"/>
    <property name="java.io.tmpdir" value="C:\Users\Thomas\AppData\Local\Temp\"/>
    <property name="java.version" value="17.0.1"/>
    <property name="user.dir" value="C:\Users\Thomas\Desktop\Work Space\obfuscatorinator\The-Obfuscatorinator\the-obfuscatorinator"/>
    <property name="os.arch" value="amd64"/>
    <property name="java.vm.specification.name" value="Java Virtual Machine Specification"/>
    <property name="sun.os.patch.level" value=""/>
    <property name="native.encoding" value="Cp1252"/>
    <property name="java.library.path" value="C:\Program Files\Java\jdk-17.0.1\bin;C:\Windows\Sun\Java\bin;C:\Windows\system32;C:\Windows;C:\Program Files (x86)\Razer Chroma SDK\bin;C:\Program Files\Razer Chroma SDK\bin;C:\Program Files (x86)\Razer\ChromaBroadcast\bin;C:\Program Files\Razer\ChromaBroadcast\bin;C:\Program Files\Oculus\Support\oculus-runtime;C:\Program Files\Common Files\Oracle\Java\javapath;C:\Windows\system32;C:\Windows;C:\Windows\System32\Wbem;C:\Windows\System32\WindowsPowerShell\v1.0\;C:\Windows\System32\OpenSSH\;C:\Program Files\Java\jdk-17.0.1\\bin;C:\Program Files\apache-maven-3.8.4\apache-maven\src\bin;C:\Program Files\apache-maven-3.8.4\bin;C:\Program Files\NVIDIA Corporation\NVIDIA NvDLISR;C:\Program Files (x86)\NVIDIA Corporation\PhysX\Common;C:\Windows\system32\config\systemprofile\AppData\Local\Microsoft\WindowsApps;C:\Users\Thomas\AppData\Local\Programs\Python\Launcher\;C:\Users\Thomas\AppData\Local\Microsoft\WindowsApps;C:\Users\Thomas\AppData\Local\Programs\Microsoft VS Code\bin;C:\Users\Thomas\AppData\Local\Programs\Python\Launcher\;C:\Users\Thomas\AppData\Local\Microsoft\WindowsApps;C:\Users\Thomas\AppData\Local\Programs\Microsoft VS Code\bin;;."/>
    <property name="java.vm.info" value="mixed mode, sharing"/>
    <property name="java.vendor" value="Oracle Corporation"/>
    <property name="java.vm.version" value="17.0.1+12-LTS-39"/>
    <property name="sun.io.unicode.encoding" value="UnicodeLittle"/>
    <property name="java.class.version" value="61.0"/>
  </properties>
  <testcase name="testAddMultipleEdges" classname="com.theobfuscatorinator.GraphTest" time="0"/>
  <testcase name="testAddEdge" classname="com.theobfuscatorinator.GraphTest" time="0"/>
  <testcase name="testAddEdgeToItself" classname="com.theobfuscatorinator.GraphTest" time="0.001"/>
  <testcase name="testMultipleNodesAdded" classname="com.theobfuscatorinator.GraphTest" time="0"/>
  <testcase name="testNodesSorted" classname="com.theobfuscatorinator.GraphTest" time="0"/>
  <testcase name="testAddMultipleEdgesToSameNode" classname="com.theobfuscatorinator.GraphTest" time="0"/>
  <testcase name="testUniqueAdaded" classname="com.theobfuscatorinator.GraphTest" time="0"/>
  <testcase name="testNodeAdded" classname="com.theobfuscatorinator.GraphTest" time="0"/>
  <testcase name="testAddUniqueEdges" classname="com.theobfuscatorinator.GraphTest" time="0"/>
</testsuite>